<?xml version="1.0" encoding="UTF-8"?>
<testng-results skipped="0" failed="0" ignored="0" total="1" passed="1">
  <reporter-output>
  </reporter-output>
  <suite name="Default suite" duration-ms="2568" started-at="2022-11-09T08:49:41Z" finished-at="2022-11-09T08:49:44Z">
    <groups>
    </groups>
    <test name="Default test" duration-ms="2568" started-at="2022-11-09T08:49:41Z" finished-at="2022-11-09T08:49:44Z">
      <class name="testCases.ReadAllProducts">
        <test-method status="PASS" signature="readAllProducts()[pri:0, instance:testCases.ReadAllProducts@1ffe63b9]" name="readAllProducts" duration-ms="2543" started-at="2022-11-09T08:49:41Z" finished-at="2022-11-09T08:49:44Z">
          <reporter-output>
          </reporter-output>
        </test-method> <!-- readAllProducts -->
      </class> <!-- testCases.ReadAllProducts -->
    </test> <!-- Default test -->
  </suite> <!-- Default suite -->
</testng-results>
